[2026-01-29T04:25:19.484Z] Incoming request for tracking: undefined
[2026-01-29T04:25:19.488Z] ⚠️ Request signature verification failed (not from Shopify Proxy?)
[2026-01-29T04:25:20.622Z] Incoming request for tracking: undefined
[2026-01-29T04:25:20.623Z] ⚠️ Request signature verification failed (not from Shopify Proxy?)
[2026-01-29T04:25:24.490Z] Incoming request for tracking: 9235990357608734933678
[2026-01-29T04:25:24.491Z] ⚠️ Request signature verification failed (not from Shopify Proxy?)
[2026-01-29T04:25:24.640Z] Service returned: {"ok":true,"tracking":"9235990357608734933678","status":"InTransit","carrier":"USPS","events":[{"time":"2026-01-28T11:17:00-06:00","desc":"Arrived at USPS Regional Destination Facility -> Your item arrived at our FT WORTH TX PACKAGE SORTING CENTER destination facility on January 28, 2026 at 11:17 am. The item is currently in transit to the destination."},{"time":"2026-01-27T21:02:00-06:00","desc":"Arrived at USPS Regional Facility"},{"time":"2026-01-27T20:45:00-06:00","desc":"Departed USPS Facility"},{"time":"2026-01-27T19:49:00-06:00","desc":"Arrived at USPS Facility"},{"time":"2026-01-27T17:52:00-06:00","desc":"Departed USPS Regional Facility"},{"time":"2026-01-27T00:00:00-05:00","desc":"In Transit to Next Facility"},{"time":"2026-01-26T10:48:00-06:00","desc":"Arrived at USPS Regional Facility"},{"time":"2026-01-25T06:57:00-08:00","desc":"Departed USPS Regional Facility"},{"time":"2026-01-25T05:06:00-08:00","desc":"Arrived at USPS Regional Facility"},{"time":"2026-01-25T04:26:00-08:00","desc":"Departed USPS Regional Facility"},{"time":"2026-01-24T17:45:00-08:00","desc":"Arrived at USPS Regional Origin Facility"},{"time":"2026-01-24T16:30:00-08:00","desc":"Accepted at USPS Origin Facility"},{"time":"2026-01-23T14:04:00-08:00","desc":"Departed Shipping Partner Facility, USPS Awaiting Item"},{"time":"2026-01-23T13:01:00-08:00","desc":"Arrived Shipping Partner Facility, USPS Awaiting Item"},{"time":"2026-01-22T18:14:00-08:00","desc":"Shipping Label Created, USPS Awaiting Item"}]}
[2026-01-29T05:34:46.776Z] Incoming request for tracking: 9235990357608734933678
[2026-01-29T05:34:46.777Z] ⚠️ Request signature verification failed (not from Shopify Proxy?)
[2026-01-29T05:34:46.846Z] Service returned: {"ok":true,"tracking":"9235990357608734933678","status":"InTransit","carrier":"USPS","events":[{"time":"2026-01-28T11:17:00-06:00","desc":"Arrived at USPS Regional Destination Facility -> Your item arrived at our FT WORTH TX PACKAGE SORTING CENTER destination facility on January 28, 2026 at 11:17 am. The item is currently in transit to the destination."},{"time":"2026-01-27T21:02:00-06:00","desc":"Arrived at USPS Regional Facility"},{"time":"2026-01-27T20:45:00-06:00","desc":"Departed USPS Facility"},{"time":"2026-01-27T19:49:00-06:00","desc":"Arrived at USPS Facility"},{"time":"2026-01-27T17:52:00-06:00","desc":"Departed USPS Regional Facility"},{"time":"2026-01-27T00:00:00-05:00","desc":"In Transit to Next Facility"},{"time":"2026-01-26T10:48:00-06:00","desc":"Arrived at USPS Regional Facility"},{"time":"2026-01-25T06:57:00-08:00","desc":"Departed USPS Regional Facility"},{"time":"2026-01-25T05:06:00-08:00","desc":"Arrived at USPS Regional Facility"},{"time":"2026-01-25T04:26:00-08:00","desc":"Departed USPS Regional Facility"},{"time":"2026-01-24T17:45:00-08:00","desc":"Arrived at USPS Regional Origin Facility"},{"time":"2026-01-24T16:30:00-08:00","desc":"Accepted at USPS Origin Facility"},{"time":"2026-01-23T14:04:00-08:00","desc":"Departed Shipping Partner Facility, USPS Awaiting Item"},{"time":"2026-01-23T13:01:00-08:00","desc":"Arrived Shipping Partner Facility, USPS Awaiting Item"},{"time":"2026-01-22T18:14:00-08:00","desc":"Shipping Label Created, USPS Awaiting Item"}]}
[2026-01-29T05:34:48.246Z] Incoming request for tracking: 9235990357608734933678
[2026-01-29T05:34:48.247Z] ⚠️ Request signature verification failed (not from Shopify Proxy?)
[2026-01-29T05:34:48.287Z] Service returned: {"ok":true,"tracking":"9235990357608734933678","status":"InTransit","carrier":"USPS","events":[{"time":"2026-01-28T11:17:00-06:00","desc":"Arrived at USPS Regional Destination Facility -> Your item arrived at our FT WORTH TX PACKAGE SORTING CENTER destination facility on January 28, 2026 at 11:17 am. The item is currently in transit to the destination."},{"time":"2026-01-27T21:02:00-06:00","desc":"Arrived at USPS Regional Facility"},{"time":"2026-01-27T20:45:00-06:00","desc":"Departed USPS Facility"},{"time":"2026-01-27T19:49:00-06:00","desc":"Arrived at USPS Facility"},{"time":"2026-01-27T17:52:00-06:00","desc":"Departed USPS Regional Facility"},{"time":"2026-01-27T00:00:00-05:00","desc":"In Transit to Next Facility"},{"time":"2026-01-26T10:48:00-06:00","desc":"Arrived at USPS Regional Facility"},{"time":"2026-01-25T06:57:00-08:00","desc":"Departed USPS Regional Facility"},{"time":"2026-01-25T05:06:00-08:00","desc":"Arrived at USPS Regional Facility"},{"time":"2026-01-25T04:26:00-08:00","desc":"Departed USPS Regional Facility"},{"time":"2026-01-24T17:45:00-08:00","desc":"Arrived at USPS Regional Origin Facility"},{"time":"2026-01-24T16:30:00-08:00","desc":"Accepted at USPS Origin Facility"},{"time":"2026-01-23T14:04:00-08:00","desc":"Departed Shipping Partner Facility, USPS Awaiting Item"},{"time":"2026-01-23T13:01:00-08:00","desc":"Arrived Shipping Partner Facility, USPS Awaiting Item"},{"time":"2026-01-22T18:14:00-08:00","desc":"Shipping Label Created, USPS Awaiting Item"}]}
[2026-01-29T05:34:48.975Z] Incoming request for tracking: 9235990357608734933678
[2026-01-29T05:34:48.975Z] ⚠️ Request signature verification failed (not from Shopify Proxy?)
[2026-01-29T05:34:49.008Z] Service returned: {"ok":true,"tracking":"9235990357608734933678","status":"InTransit","carrier":"USPS","events":[{"time":"2026-01-28T11:17:00-06:00","desc":"Arrived at USPS Regional Destination Facility -> Your item arrived at our FT WORTH TX PACKAGE SORTING CENTER destination facility on January 28, 2026 at 11:17 am. The item is currently in transit to the destination."},{"time":"2026-01-27T21:02:00-06:00","desc":"Arrived at USPS Regional Facility"},{"time":"2026-01-27T20:45:00-06:00","desc":"Departed USPS Facility"},{"time":"2026-01-27T19:49:00-06:00","desc":"Arrived at USPS Facility"},{"time":"2026-01-27T17:52:00-06:00","desc":"Departed USPS Regional Facility"},{"time":"2026-01-27T00:00:00-05:00","desc":"In Transit to Next Facility"},{"time":"2026-01-26T10:48:00-06:00","desc":"Arrived at USPS Regional Facility"},{"time":"2026-01-25T06:57:00-08:00","desc":"Departed USPS Regional Facility"},{"time":"2026-01-25T05:06:00-08:00","desc":"Arrived at USPS Regional Facility"},{"time":"2026-01-25T04:26:00-08:00","desc":"Departed USPS Regional Facility"},{"time":"2026-01-24T17:45:00-08:00","desc":"Arrived at USPS Regional Origin Facility"},{"time":"2026-01-24T16:30:00-08:00","desc":"Accepted at USPS Origin Facility"},{"time":"2026-01-23T14:04:00-08:00","desc":"Departed Shipping Partner Facility, USPS Awaiting Item"},{"time":"2026-01-23T13:01:00-08:00","desc":"Arrived Shipping Partner Facility, USPS Awaiting Item"},{"time":"2026-01-22T18:14:00-08:00","desc":"Shipping Label Created, USPS Awaiting Item"}]}
[2026-01-29T05:34:51.682Z] Incoming request for tracking: undefined
[2026-01-29T05:34:51.683Z] ⚠️ Request signature verification failed (not from Shopify Proxy?)
[2026-01-29T05:34:54.809Z] Incoming request for tracking: 9235990357608734933678
[2026-01-29T05:34:54.810Z] ⚠️ Request signature verification failed (not from Shopify Proxy?)
[2026-01-29T05:34:57.479Z] Incoming request for tracking: undefined
[2026-01-29T05:34:57.480Z] ⚠️ Request signature verification failed (not from Shopify Proxy?)
[2026-01-29T05:34:59.822Z] Service returned: {"ok":false,"error":"Service Error"}
[2026-01-29T05:37:42.225Z] Incoming request for tracking: undefined
[2026-01-29T05:37:42.225Z] ⚠️ Request signature verification failed (not from Shopify Proxy?)
[2026-01-29T05:37:46.275Z] Incoming request for tracking: 9235990357608734933678
[2026-01-29T05:37:46.276Z] ⚠️ Request signature verification failed (not from Shopify Proxy?)
[2026-01-29T05:37:49.357Z] Service returned: {"ok":true,"tracking":"9235990357608734933678","status":"InTransit","carrier":"USPS","events":[{"time":"2026-01-28T11:17:00-06:00","desc":"Arrived at USPS Regional Destination Facility -> Your item arrived at our FT WORTH TX PACKAGE SORTING CENTER destination facility on January 28, 2026 at 11:17 am. The item is currently in transit to the destination."},{"time":"2026-01-27T21:02:00-06:00","desc":"Arrived at USPS Regional Facility"},{"time":"2026-01-27T20:45:00-06:00","desc":"Departed USPS Facility"},{"time":"2026-01-27T19:49:00-06:00","desc":"Arrived at USPS Facility"},{"time":"2026-01-27T17:52:00-06:00","desc":"Departed USPS Regional Facility"},{"time":"2026-01-27T00:00:00-05:00","desc":"In Transit to Next Facility"},{"time":"2026-01-26T10:48:00-06:00","desc":"Arrived at USPS Regional Facility"},{"time":"2026-01-25T06:57:00-08:00","desc":"Departed USPS Regional Facility"},{"time":"2026-01-25T05:06:00-08:00","desc":"Arrived at USPS Regional Facility"},{"time":"2026-01-25T04:26:00-08:00","desc":"Departed USPS Regional Facility"},{"time":"2026-01-24T17:45:00-08:00","desc":"Arrived at USPS Regional Origin Facility"},{"time":"2026-01-24T16:30:00-08:00","desc":"Accepted at USPS Origin Facility"},{"time":"2026-01-23T14:04:00-08:00","desc":"Departed Shipping Partner Facility, USPS Awaiting Item"},{"time":"2026-01-23T13:01:00-08:00","desc":"Arrived Shipping Partner Facility, USPS Awaiting Item"},{"time":"2026-01-22T18:14:00-08:00","desc":"Shipping Label Created, USPS Awaiting Item"}]}
[2026-01-29T05:46:56.962Z] Incoming request for tracking: 9235990357608734933678
[2026-01-29T05:46:56.963Z] ⚠️ Request signature verification failed (not from Shopify Proxy?)
[2026-01-29T05:46:57.053Z] Service returned: {"ok":true,"tracking":"9235990357608734933678","status":"InTransit","carrier":"USPS","events":[{"time":"2026-01-28T11:17:00-06:00","desc":"Arrived at USPS Regional Destination Facility -> Your item arrived at our FT WORTH TX PACKAGE SORTING CENTER destination facility on January 28, 2026 at 11:17 am. The item is currently in transit to the destination."},{"time":"2026-01-27T21:02:00-06:00","desc":"Arrived at USPS Regional Facility"},{"time":"2026-01-27T20:45:00-06:00","desc":"Departed USPS Facility"},{"time":"2026-01-27T19:49:00-06:00","desc":"Arrived at USPS Facility"},{"time":"2026-01-27T17:52:00-06:00","desc":"Departed USPS Regional Facility"},{"time":"2026-01-27T00:00:00-05:00","desc":"In Transit to Next Facility"},{"time":"2026-01-26T10:48:00-06:00","desc":"Arrived at USPS Regional Facility"},{"time":"2026-01-25T06:57:00-08:00","desc":"Departed USPS Regional Facility"},{"time":"2026-01-25T05:06:00-08:00","desc":"Arrived at USPS Regional Facility"},{"time":"2026-01-25T04:26:00-08:00","desc":"Departed USPS Regional Facility"},{"time":"2026-01-24T17:45:00-08:00","desc":"Arrived at USPS Regional Origin Facility"},{"time":"2026-01-24T16:30:00-08:00","desc":"Accepted at USPS Origin Facility"},{"time":"2026-01-23T14:04:00-08:00","desc":"Departed Shipping Partner Facility, USPS Awaiting Item"},{"time":"2026-01-23T13:01:00-08:00","desc":"Arrived Shipping Partner Facility, USPS Awaiting Item"},{"time":"2026-01-22T18:14:00-08:00","desc":"Shipping Label Created, USPS Awaiting Item"}]}
[2026-01-29T05:47:00.361Z] Incoming request for tracking: undefined
[2026-01-29T05:47:00.362Z] ⚠️ Request signature verification failed (not from Shopify Proxy?)
[2026-01-29T05:47:01.987Z] Incoming request for tracking: undefined
[2026-01-29T05:47:01.988Z] ⚠️ Request signature verification failed (not from Shopify Proxy?)
[2026-01-29T05:47:02.703Z] Incoming request for tracking: undefined
[2026-01-29T05:47:02.704Z] ⚠️ Request signature verification failed (not from Shopify Proxy?)
[2026-01-29T05:55:37.176Z] Incoming request for tracking: undefined
[2026-01-29T05:55:37.178Z] ⚠️ Request signature verification failed (not from Shopify Proxy?)
[2026-01-29T06:00:48.291Z] Incoming request for tracking: undefined
[2026-01-29T06:00:48.292Z] ⚠️ Request signature verification failed (not from Shopify Proxy?)
[2026-01-29T06:03:19.097Z] Incoming request for tracking: undefined
[2026-01-29T06:03:19.099Z] ⚠️ Request signature verification failed (not from Shopify Proxy?)
[2026-01-29T06:03:54.338Z] Incoming request for tracking: 9235990357608734933678
[2026-01-29T06:03:54.339Z] ⚠️ Request signature verification failed (not from Shopify Proxy?)
[2026-01-29T06:03:54.527Z] Service returned: {"ok":true,"tracking":"9235990357608734933678","status":"InTransit","carrier":"USPS","events":[{"time":"2026-01-28T11:17:00-06:00","desc":"Arrived at USPS Regional Destination Facility -> Your item arrived at our FT WORTH TX PACKAGE SORTING CENTER destination facility on January 28, 2026 at 11:17 am. The item is currently in transit to the destination."},{"time":"2026-01-27T21:02:00-06:00","desc":"Arrived at USPS Regional Facility"},{"time":"2026-01-27T20:45:00-06:00","desc":"Departed USPS Facility"},{"time":"2026-01-27T19:49:00-06:00","desc":"Arrived at USPS Facility"},{"time":"2026-01-27T17:52:00-06:00","desc":"Departed USPS Regional Facility"},{"time":"2026-01-27T00:00:00-05:00","desc":"In Transit to Next Facility"},{"time":"2026-01-26T10:48:00-06:00","desc":"Arrived at USPS Regional Facility"},{"time":"2026-01-25T06:57:00-08:00","desc":"Departed USPS Regional Facility"},{"time":"2026-01-25T05:06:00-08:00","desc":"Arrived at USPS Regional Facility"},{"time":"2026-01-25T04:26:00-08:00","desc":"Departed USPS Regional Facility"},{"time":"2026-01-24T17:45:00-08:00","desc":"Arrived at USPS Regional Origin Facility"},{"time":"2026-01-24T16:30:00-08:00","desc":"Accepted at USPS Origin Facility"},{"time":"2026-01-23T14:04:00-08:00","desc":"Departed Shipping Partner Facility, USPS Awaiting Item"},{"time":"2026-01-23T13:01:00-08:00","desc":"Arrived Shipping Partner Facility, USPS Awaiting Item"},{"time":"2026-01-22T18:14:00-08:00","desc":"Shipping Label Created, USPS Awaiting Item"}]}
[2026-01-29T06:09:17.568Z] Incoming request for tracking: 9235990357608734933678
[2026-01-29T06:09:17.570Z] ⚠️ Request signature verification failed (not from Shopify Proxy?)
[2026-01-29T06:09:17.708Z] Service returned: {"ok":true,"tracking":"9235990357608734933678","status":"InTransit","carrier":"USPS","events":[{"time":"2026-01-28T11:17:00-06:00","desc":"Arrived at USPS Regional Destination Facility -> Your item arrived at our FT WORTH TX PACKAGE SORTING CENTER destination facility on January 28, 2026 at 11:17 am. The item is currently in transit to the destination."},{"time":"2026-01-27T21:02:00-06:00","desc":"Arrived at USPS Regional Facility"},{"time":"2026-01-27T20:45:00-06:00","desc":"Departed USPS Facility"},{"time":"2026-01-27T19:49:00-06:00","desc":"Arrived at USPS Facility"},{"time":"2026-01-27T17:52:00-06:00","desc":"Departed USPS Regional Facility"},{"time":"2026-01-27T00:00:00-05:00","desc":"In Transit to Next Facility"},{"time":"2026-01-26T10:48:00-06:00","desc":"Arrived at USPS Regional Facility"},{"time":"2026-01-25T06:57:00-08:00","desc":"Departed USPS Regional Facility"},{"time":"2026-01-25T05:06:00-08:00","desc":"Arrived at USPS Regional Facility"},{"time":"2026-01-25T04:26:00-08:00","desc":"Departed USPS Regional Facility"},{"time":"2026-01-24T17:45:00-08:00","desc":"Arrived at USPS Regional Origin Facility"},{"time":"2026-01-24T16:30:00-08:00","desc":"Accepted at USPS Origin Facility"},{"time":"2026-01-23T14:04:00-08:00","desc":"Departed Shipping Partner Facility, USPS Awaiting Item"},{"time":"2026-01-23T13:01:00-08:00","desc":"Arrived Shipping Partner Facility, USPS Awaiting Item"},{"time":"2026-01-22T18:14:00-08:00","desc":"Shipping Label Created, USPS Awaiting Item"}]}
[2026-01-29T06:09:19.440Z] Incoming request for tracking: 9235990357608734933678
[2026-01-29T06:09:19.441Z] ⚠️ Request signature verification failed (not from Shopify Proxy?)
[2026-01-29T06:09:19.475Z] Service returned: {"ok":true,"tracking":"9235990357608734933678","status":"InTransit","carrier":"USPS","events":[{"time":"2026-01-28T11:17:00-06:00","desc":"Arrived at USPS Regional Destination Facility -> Your item arrived at our FT WORTH TX PACKAGE SORTING CENTER destination facility on January 28, 2026 at 11:17 am. The item is currently in transit to the destination."},{"time":"2026-01-27T21:02:00-06:00","desc":"Arrived at USPS Regional Facility"},{"time":"2026-01-27T20:45:00-06:00","desc":"Departed USPS Facility"},{"time":"2026-01-27T19:49:00-06:00","desc":"Arrived at USPS Facility"},{"time":"2026-01-27T17:52:00-06:00","desc":"Departed USPS Regional Facility"},{"time":"2026-01-27T00:00:00-05:00","desc":"In Transit to Next Facility"},{"time":"2026-01-26T10:48:00-06:00","desc":"Arrived at USPS Regional Facility"},{"time":"2026-01-25T06:57:00-08:00","desc":"Departed USPS Regional Facility"},{"time":"2026-01-25T05:06:00-08:00","desc":"Arrived at USPS Regional Facility"},{"time":"2026-01-25T04:26:00-08:00","desc":"Departed USPS Regional Facility"},{"time":"2026-01-24T17:45:00-08:00","desc":"Arrived at USPS Regional Origin Facility"},{"time":"2026-01-24T16:30:00-08:00","desc":"Accepted at USPS Origin Facility"},{"time":"2026-01-23T14:04:00-08:00","desc":"Departed Shipping Partner Facility, USPS Awaiting Item"},{"time":"2026-01-23T13:01:00-08:00","desc":"Arrived Shipping Partner Facility, USPS Awaiting Item"},{"time":"2026-01-22T18:14:00-08:00","desc":"Shipping Label Created, USPS Awaiting Item"}]}
[2026-01-29T06:09:33.457Z] Incoming request for tracking: 9235990357608734933678
[2026-01-29T06:09:33.458Z] ⚠️ Request signature verification failed (not from Shopify Proxy?)
[2026-01-29T06:09:33.528Z] Service returned: {"ok":true,"tracking":"9235990357608734933678","status":"InTransit","carrier":"USPS","events":[{"time":"2026-01-28T11:17:00-06:00","desc":"Arrived at USPS Regional Destination Facility -> Your item arrived at our FT WORTH TX PACKAGE SORTING CENTER destination facility on January 28, 2026 at 11:17 am. The item is currently in transit to the destination."},{"time":"2026-01-27T21:02:00-06:00","desc":"Arrived at USPS Regional Facility"},{"time":"2026-01-27T20:45:00-06:00","desc":"Departed USPS Facility"},{"time":"2026-01-27T19:49:00-06:00","desc":"Arrived at USPS Facility"},{"time":"2026-01-27T17:52:00-06:00","desc":"Departed USPS Regional Facility"},{"time":"2026-01-27T00:00:00-05:00","desc":"In Transit to Next Facility"},{"time":"2026-01-26T10:48:00-06:00","desc":"Arrived at USPS Regional Facility"},{"time":"2026-01-25T06:57:00-08:00","desc":"Departed USPS Regional Facility"},{"time":"2026-01-25T05:06:00-08:00","desc":"Arrived at USPS Regional Facility"},{"time":"2026-01-25T04:26:00-08:00","desc":"Departed USPS Regional Facility"},{"time":"2026-01-24T17:45:00-08:00","desc":"Arrived at USPS Regional Origin Facility"},{"time":"2026-01-24T16:30:00-08:00","desc":"Accepted at USPS Origin Facility"},{"time":"2026-01-23T14:04:00-08:00","desc":"Departed Shipping Partner Facility, USPS Awaiting Item"},{"time":"2026-01-23T13:01:00-08:00","desc":"Arrived Shipping Partner Facility, USPS Awaiting Item"},{"time":"2026-01-22T18:14:00-08:00","desc":"Shipping Label Created, USPS Awaiting Item"}]}
[2026-01-29T06:09:36.289Z] Incoming request for tracking: 9235990357608734933678
[2026-01-29T06:09:36.289Z] ⚠️ Request signature verification failed (not from Shopify Proxy?)
[2026-01-29T06:09:36.323Z] Service returned: {"ok":true,"tracking":"9235990357608734933678","status":"InTransit","carrier":"USPS","events":[{"time":"2026-01-28T11:17:00-06:00","desc":"Arrived at USPS Regional Destination Facility -> Your item arrived at our FT WORTH TX PACKAGE SORTING CENTER destination facility on January 28, 2026 at 11:17 am. The item is currently in transit to the destination."},{"time":"2026-01-27T21:02:00-06:00","desc":"Arrived at USPS Regional Facility"},{"time":"2026-01-27T20:45:00-06:00","desc":"Departed USPS Facility"},{"time":"2026-01-27T19:49:00-06:00","desc":"Arrived at USPS Facility"},{"time":"2026-01-27T17:52:00-06:00","desc":"Departed USPS Regional Facility"},{"time":"2026-01-27T00:00:00-05:00","desc":"In Transit to Next Facility"},{"time":"2026-01-26T10:48:00-06:00","desc":"Arrived at USPS Regional Facility"},{"time":"2026-01-25T06:57:00-08:00","desc":"Departed USPS Regional Facility"},{"time":"2026-01-25T05:06:00-08:00","desc":"Arrived at USPS Regional Facility"},{"time":"2026-01-25T04:26:00-08:00","desc":"Departed USPS Regional Facility"},{"time":"2026-01-24T17:45:00-08:00","desc":"Arrived at USPS Regional Origin Facility"},{"time":"2026-01-24T16:30:00-08:00","desc":"Accepted at USPS Origin Facility"},{"time":"2026-01-23T14:04:00-08:00","desc":"Departed Shipping Partner Facility, USPS Awaiting Item"},{"time":"2026-01-23T13:01:00-08:00","desc":"Arrived Shipping Partner Facility, USPS Awaiting Item"},{"time":"2026-01-22T18:14:00-08:00","desc":"Shipping Label Created, USPS Awaiting Item"}]}
[2026-01-29T06:09:51.708Z] Incoming request for tracking: 9235990357608734933678
[2026-01-29T06:09:51.708Z] ⚠️ Request signature verification failed (not from Shopify Proxy?)
[2026-01-29T06:09:51.772Z] Service returned: {"ok":true,"tracking":"9235990357608734933678","status":"InTransit","carrier":"USPS","events":[{"time":"2026-01-28T11:17:00-06:00","desc":"Arrived at USPS Regional Destination Facility -> Your item arrived at our FT WORTH TX PACKAGE SORTING CENTER destination facility on January 28, 2026 at 11:17 am. The item is currently in transit to the destination."},{"time":"2026-01-27T21:02:00-06:00","desc":"Arrived at USPS Regional Facility"},{"time":"2026-01-27T20:45:00-06:00","desc":"Departed USPS Facility"},{"time":"2026-01-27T19:49:00-06:00","desc":"Arrived at USPS Facility"},{"time":"2026-01-27T17:52:00-06:00","desc":"Departed USPS Regional Facility"},{"time":"2026-01-27T00:00:00-05:00","desc":"In Transit to Next Facility"},{"time":"2026-01-26T10:48:00-06:00","desc":"Arrived at USPS Regional Facility"},{"time":"2026-01-25T06:57:00-08:00","desc":"Departed USPS Regional Facility"},{"time":"2026-01-25T05:06:00-08:00","desc":"Arrived at USPS Regional Facility"},{"time":"2026-01-25T04:26:00-08:00","desc":"Departed USPS Regional Facility"},{"time":"2026-01-24T17:45:00-08:00","desc":"Arrived at USPS Regional Origin Facility"},{"time":"2026-01-24T16:30:00-08:00","desc":"Accepted at USPS Origin Facility"},{"time":"2026-01-23T14:04:00-08:00","desc":"Departed Shipping Partner Facility, USPS Awaiting Item"},{"time":"2026-01-23T13:01:00-08:00","desc":"Arrived Shipping Partner Facility, USPS Awaiting Item"},{"time":"2026-01-22T18:14:00-08:00","desc":"Shipping Label Created, USPS Awaiting Item"}]}
[2026-01-29T06:09:57.589Z] Incoming request for tracking: 9235990357608734933678
[2026-01-29T06:09:57.590Z] ⚠️ Request signature verification failed (not from Shopify Proxy?)
[2026-01-29T06:09:57.647Z] Service returned: {"ok":true,"tracking":"9235990357608734933678","status":"InTransit","carrier":"USPS","events":[{"time":"2026-01-28T11:17:00-06:00","desc":"Arrived at USPS Regional Destination Facility -> Your item arrived at our FT WORTH TX PACKAGE SORTING CENTER destination facility on January 28, 2026 at 11:17 am. The item is currently in transit to the destination."},{"time":"2026-01-27T21:02:00-06:00","desc":"Arrived at USPS Regional Facility"},{"time":"2026-01-27T20:45:00-06:00","desc":"Departed USPS Facility"},{"time":"2026-01-27T19:49:00-06:00","desc":"Arrived at USPS Facility"},{"time":"2026-01-27T17:52:00-06:00","desc":"Departed USPS Regional Facility"},{"time":"2026-01-27T00:00:00-05:00","desc":"In Transit to Next Facility"},{"time":"2026-01-26T10:48:00-06:00","desc":"Arrived at USPS Regional Facility"},{"time":"2026-01-25T06:57:00-08:00","desc":"Departed USPS Regional Facility"},{"time":"2026-01-25T05:06:00-08:00","desc":"Arrived at USPS Regional Facility"},{"time":"2026-01-25T04:26:00-08:00","desc":"Departed USPS Regional Facility"},{"time":"2026-01-24T17:45:00-08:00","desc":"Arrived at USPS Regional Origin Facility"},{"time":"2026-01-24T16:30:00-08:00","desc":"Accepted at USPS Origin Facility"},{"time":"2026-01-23T14:04:00-08:00","desc":"Departed Shipping Partner Facility, USPS Awaiting Item"},{"time":"2026-01-23T13:01:00-08:00","desc":"Arrived Shipping Partner Facility, USPS Awaiting Item"},{"time":"2026-01-22T18:14:00-08:00","desc":"Shipping Label Created, USPS Awaiting Item"}]}
[2026-01-29T06:10:02.764Z] Incoming request for tracking: 9235990357608734933678
[2026-01-29T06:10:02.765Z] ⚠️ Request signature verification failed (not from Shopify Proxy?)
[2026-01-29T06:10:02.834Z] Service returned: {"ok":true,"tracking":"9235990357608734933678","status":"InTransit","carrier":"USPS","events":[{"time":"2026-01-28T11:17:00-06:00","desc":"Arrived at USPS Regional Destination Facility -> Your item arrived at our FT WORTH TX PACKAGE SORTING CENTER destination facility on January 28, 2026 at 11:17 am. The item is currently in transit to the destination."},{"time":"2026-01-27T21:02:00-06:00","desc":"Arrived at USPS Regional Facility"},{"time":"2026-01-27T20:45:00-06:00","desc":"Departed USPS Facility"},{"time":"2026-01-27T19:49:00-06:00","desc":"Arrived at USPS Facility"},{"time":"2026-01-27T17:52:00-06:00","desc":"Departed USPS Regional Facility"},{"time":"2026-01-27T00:00:00-05:00","desc":"In Transit to Next Facility"},{"time":"2026-01-26T10:48:00-06:00","desc":"Arrived at USPS Regional Facility"},{"time":"2026-01-25T06:57:00-08:00","desc":"Departed USPS Regional Facility"},{"time":"2026-01-25T05:06:00-08:00","desc":"Arrived at USPS Regional Facility"},{"time":"2026-01-25T04:26:00-08:00","desc":"Departed USPS Regional Facility"},{"time":"2026-01-24T17:45:00-08:00","desc":"Arrived at USPS Regional Origin Facility"},{"time":"2026-01-24T16:30:00-08:00","desc":"Accepted at USPS Origin Facility"},{"time":"2026-01-23T14:04:00-08:00","desc":"Departed Shipping Partner Facility, USPS Awaiting Item"},{"time":"2026-01-23T13:01:00-08:00","desc":"Arrived Shipping Partner Facility, USPS Awaiting Item"},{"time":"2026-01-22T18:14:00-08:00","desc":"Shipping Label Created, USPS Awaiting Item"}]}
[2026-01-29T06:10:41.285Z] Incoming request for tracking: undefined
[2026-01-29T06:10:41.287Z] ⚠️ Request signature verification failed (not from Shopify Proxy?)
[2026-01-29T06:10:44.349Z] Incoming request for tracking: 11
[2026-01-29T06:10:44.350Z] ⚠️ Request signature verification failed (not from Shopify Proxy?)
[2026-01-29T06:10:44.457Z] Service returned: {"ok":false,"error":"Tracking number not found and could not be registered."}
[2026-01-29T06:10:45.755Z] Incoming request for tracking: 11
[2026-01-29T06:10:45.755Z] ⚠️ Request signature verification failed (not from Shopify Proxy?)
[2026-01-29T06:10:45.812Z] Service returned: {"ok":false,"error":"Tracking number not found and could not be registered."}
[2026-01-29T06:10:46.798Z] Incoming request for tracking: 11
[2026-01-29T06:10:46.799Z] ⚠️ Request signature verification failed (not from Shopify Proxy?)
[2026-01-29T06:10:46.853Z] Service returned: {"ok":false,"error":"Tracking number not found and could not be registered."}
[2026-01-29T06:25:12.838Z] Incoming request for tracking: undefined
[2026-01-29T06:25:12.839Z] ⚠️ Request signature verification failed (not from Shopify Proxy?)
[2026-01-29T06:25:15.348Z] Incoming request for tracking: 111
[2026-01-29T06:25:15.348Z] ⚠️ Request signature verification failed (not from Shopify Proxy?)
[2026-01-29T06:25:15.437Z] Service returned: {"ok":false,"error":"Tracking number not found and could not be registered."}
[2026-01-29T06:25:20.751Z] Incoming request for tracking: 11111111
[2026-01-29T06:25:20.752Z] ⚠️ Request signature verification failed (not from Shopify Proxy?)
[2026-01-29T06:25:20.867Z] Service returned: {"ok":true,"tracking":"11111111","status":"Registered","carrier":"Detecting...","events":[{"time":"2026/1/29 14:25:20","desc":"Tracking number registered. Please check back later for updates."}]}
[2026-01-29T06:30:29.197Z] Incoming request for tracking: undefined
[2026-01-29T06:30:29.200Z] ⚠️ Request signature verification failed (not from Shopify Proxy?)
[2026-01-29T06:30:31.229Z] Incoming request for tracking: 11
[2026-01-29T06:30:31.230Z] ⚠️ Request signature verification failed (not from Shopify Proxy?)
[2026-01-29T06:30:31.555Z] Service returned: {"ok":false,"error":"Tracking number not found and could not be registered."}
[2026-01-29T06:30:45.206Z] Incoming request for tracking: 9235990357608734933678
[2026-01-29T06:30:45.206Z] ⚠️ Request signature verification failed (not from Shopify Proxy?)
[2026-01-29T06:30:45.285Z] Service returned: {"ok":true,"tracking":"9235990357608734933678","status":"InTransit","carrier":"USPS","events":[{"time":"2026-01-28T11:17:00-06:00","desc":"Arrived at USPS Regional Destination Facility -> Your item arrived at our FT WORTH TX PACKAGE SORTING CENTER destination facility on January 28, 2026 at 11:17 am. The item is currently in transit to the destination."},{"time":"2026-01-27T21:02:00-06:00","desc":"Arrived at USPS Regional Facility"},{"time":"2026-01-27T20:45:00-06:00","desc":"Departed USPS Facility"},{"time":"2026-01-27T19:49:00-06:00","desc":"Arrived at USPS Facility"},{"time":"2026-01-27T17:52:00-06:00","desc":"Departed USPS Regional Facility"},{"time":"2026-01-27T00:00:00-05:00","desc":"In Transit to Next Facility"},{"time":"2026-01-26T10:48:00-06:00","desc":"Arrived at USPS Regional Facility"},{"time":"2026-01-25T06:57:00-08:00","desc":"Departed USPS Regional Facility"},{"time":"2026-01-25T05:06:00-08:00","desc":"Arrived at USPS Regional Facility"},{"time":"2026-01-25T04:26:00-08:00","desc":"Departed USPS Regional Facility"},{"time":"2026-01-24T17:45:00-08:00","desc":"Arrived at USPS Regional Origin Facility"},{"time":"2026-01-24T16:30:00-08:00","desc":"Accepted at USPS Origin Facility"},{"time":"2026-01-23T14:04:00-08:00","desc":"Departed Shipping Partner Facility, USPS Awaiting Item"},{"time":"2026-01-23T13:01:00-08:00","desc":"Arrived Shipping Partner Facility, USPS Awaiting Item"},{"time":"2026-01-22T18:14:00-08:00","desc":"Shipping Label Created, USPS Awaiting Item"}]}
[2026-01-29T06:32:12.516Z] Incoming request for tracking: undefined
[2026-01-29T06:32:12.517Z] ⚠️ Request signature verification failed (not from Shopify Proxy?)
[2026-01-29T06:32:16.058Z] Incoming request for tracking: 1234567890
[2026-01-29T06:32:16.059Z] ⚠️ Request signature verification failed (not from Shopify Proxy?)
[2026-01-29T06:32:16.132Z] Service returned: {"ok":true,"tracking":"1234567890","status":"NotFound","carrier":"CDEK","events":[]}
[2026-01-29T06:32:21.626Z] Incoming request for tracking: undefined
[2026-01-29T06:32:21.627Z] ⚠️ Request signature verification failed (not from Shopify Proxy?)
[2026-01-29T06:32:24.808Z] Incoming request for tracking: TEST123
[2026-01-29T06:32:24.809Z] ⚠️ Request signature verification failed (not from Shopify Proxy?)
[2026-01-29T06:32:24.871Z] Service returned: {"ok":true,"tracking":"TEST123","status":"Delivered","carrier":"Cainiao","events":[{"time":"2026-01-29T11:02:24+08:00","desc":"Package delivered, Carrier note: Package delivered"},{"time":"2026-01-29T11:02:19+08:00","desc":"Received by local delivery company, Carrier note: Received by local delivery company"},{"time":"2026-01-29T10:59:57+08:00","desc":"Leaving from departure country/region, Carrier note: Leaving from departure country/region"},{"time":"2026-01-29T10:58:32+08:00","desc":"Carrier update, Carrier note: Last-mile delivery forecast"},{"time":"2026-01-29T10:58:29+08:00","desc":"[Haishu District] Departed from sorting center, Carrier note: Outbound in sorting center"},{"time":"2026-01-29T10:56:56+08:00","desc":"[Haishu District] Processing at sorting center, Carrier note: Inbound in sorting center"}]}
[2026-01-29T06:32:32.849Z] Incoming request for tracking: 1234567890
[2026-01-29T06:32:32.850Z] ⚠️ Request signature verification failed (not from Shopify Proxy?)
[2026-01-29T06:32:32.930Z] Service returned: {"ok":true,"tracking":"1234567890","status":"NotFound","carrier":"CDEK","events":[]}
[2026-01-29T06:37:48.666Z] Incoming request for tracking: TEST123
[2026-01-29T06:37:48.668Z] ⚠️ Request signature verification failed (not from Shopify Proxy?)
[2026-01-29T06:37:48.806Z] Service returned: {"ok":true,"tracking":"TEST123","status":"Delivered","carrier":"Cainiao","events":[{"time":"2026-01-29T11:02:24+08:00","desc":"Package delivered, Carrier note: Package delivered"},{"time":"2026-01-29T11:02:19+08:00","desc":"Received by local delivery company, Carrier note: Received by local delivery company"},{"time":"2026-01-29T10:59:57+08:00","desc":"Leaving from departure country/region, Carrier note: Leaving from departure country/region"},{"time":"2026-01-29T10:58:32+08:00","desc":"Carrier update, Carrier note: Last-mile delivery forecast"},{"time":"2026-01-29T10:58:29+08:00","desc":"[Haishu District] Departed from sorting center, Carrier note: Outbound in sorting center"},{"time":"2026-01-29T10:56:56+08:00","desc":"[Haishu District] Processing at sorting center, Carrier note: Inbound in sorting center"}]}
[2026-01-29T06:37:49.811Z] Incoming request for tracking: TEST123
[2026-01-29T06:37:49.812Z] ⚠️ Request signature verification failed (not from Shopify Proxy?)
[2026-01-29T06:37:49.847Z] Service returned: {"ok":true,"tracking":"TEST123","status":"Delivered","carrier":"Cainiao","events":[{"time":"2026-01-29T11:02:24+08:00","desc":"Package delivered, Carrier note: Package delivered"},{"time":"2026-01-29T11:02:19+08:00","desc":"Received by local delivery company, Carrier note: Received by local delivery company"},{"time":"2026-01-29T10:59:57+08:00","desc":"Leaving from departure country/region, Carrier note: Leaving from departure country/region"},{"time":"2026-01-29T10:58:32+08:00","desc":"Carrier update, Carrier note: Last-mile delivery forecast"},{"time":"2026-01-29T10:58:29+08:00","desc":"[Haishu District] Departed from sorting center, Carrier note: Outbound in sorting center"},{"time":"2026-01-29T10:56:56+08:00","desc":"[Haishu District] Processing at sorting center, Carrier note: Inbound in sorting center"}]}
[2026-01-29T06:37:51.107Z] Incoming request for tracking: TEST123
[2026-01-29T06:37:51.108Z] ⚠️ Request signature verification failed (not from Shopify Proxy?)
[2026-01-29T06:37:51.145Z] Service returned: {"ok":true,"tracking":"TEST123","status":"Delivered","carrier":"Cainiao","events":[{"time":"2026-01-29T11:02:24+08:00","desc":"Package delivered, Carrier note: Package delivered"},{"time":"2026-01-29T11:02:19+08:00","desc":"Received by local delivery company, Carrier note: Received by local delivery company"},{"time":"2026-01-29T10:59:57+08:00","desc":"Leaving from departure country/region, Carrier note: Leaving from departure country/region"},{"time":"2026-01-29T10:58:32+08:00","desc":"Carrier update, Carrier note: Last-mile delivery forecast"},{"time":"2026-01-29T10:58:29+08:00","desc":"[Haishu District] Departed from sorting center, Carrier note: Outbound in sorting center"},{"time":"2026-01-29T10:56:56+08:00","desc":"[Haishu District] Processing at sorting center, Carrier note: Inbound in sorting center"}]}
[2026-01-29T06:37:54.918Z] Incoming request for tracking: 1234567890
[2026-01-29T06:37:54.919Z] ⚠️ Request signature verification failed (not from Shopify Proxy?)
[2026-01-29T06:37:54.965Z] Service returned: {"ok":true,"tracking":"1234567890","status":"NotFound","carrier":"CDEK","events":[]}
[2026-01-29T06:55:40.354Z] Incoming request for tracking: TEST123
[2026-01-29T06:55:40.355Z] ⚠️ Request signature verification failed (not from Shopify Proxy?)
[2026-01-29T06:55:40.459Z] Service returned: {"ok":true,"tracking":"TEST123","status":"Delivered","carrier":"Cainiao","events":[{"time":"2026-01-29T11:02:24+08:00","desc":"Package delivered, Carrier note: Package delivered"},{"time":"2026-01-29T11:02:19+08:00","desc":"Received by local delivery company, Carrier note: Received by local delivery company"},{"time":"2026-01-29T10:59:57+08:00","desc":"Leaving from departure country/region, Carrier note: Leaving from departure country/region"},{"time":"2026-01-29T10:58:32+08:00","desc":"Carrier update, Carrier note: Last-mile delivery forecast"},{"time":"2026-01-29T10:58:29+08:00","desc":"[Haishu District] Departed from sorting center, Carrier note: Outbound in sorting center"},{"time":"2026-01-29T10:56:56+08:00","desc":"[Haishu District] Processing at sorting center, Carrier note: Inbound in sorting center"}]}
[2026-01-29T06:55:44.826Z] Incoming request for tracking: 1234567890
[2026-01-29T06:55:44.827Z] ⚠️ Request signature verification failed (not from Shopify Proxy?)
[2026-01-29T06:55:44.878Z] Service returned: {"ok":true,"tracking":"1234567890","status":"NotFound","carrier":"CDEK","events":[]}
[2026-01-29T06:55:47.683Z] Incoming request for tracking: 1234567890
[2026-01-29T06:55:47.684Z] ⚠️ Request signature verification failed (not from Shopify Proxy?)
[2026-01-29T06:55:47.734Z] Service returned: {"ok":true,"tracking":"1234567890","status":"NotFound","carrier":"CDEK","events":[]}
[2026-01-29T06:55:51.506Z] Incoming request for tracking: TEST123
[2026-01-29T06:55:51.507Z] ⚠️ Request signature verification failed (not from Shopify Proxy?)
[2026-01-29T06:55:51.544Z] Service returned: {"ok":true,"tracking":"TEST123","status":"Delivered","carrier":"Cainiao","events":[{"time":"2026-01-29T11:02:24+08:00","desc":"Package delivered, Carrier note: Package delivered"},{"time":"2026-01-29T11:02:19+08:00","desc":"Received by local delivery company, Carrier note: Received by local delivery company"},{"time":"2026-01-29T10:59:57+08:00","desc":"Leaving from departure country/region, Carrier note: Leaving from departure country/region"},{"time":"2026-01-29T10:58:32+08:00","desc":"Carrier update, Carrier note: Last-mile delivery forecast"},{"time":"2026-01-29T10:58:29+08:00","desc":"[Haishu District] Departed from sorting center, Carrier note: Outbound in sorting center"},{"time":"2026-01-29T10:56:56+08:00","desc":"[Haishu District] Processing at sorting center, Carrier note: Inbound in sorting center"}]}
[2026-01-29T06:56:27.447Z] Incoming request for tracking: 9235990357608734933678
[2026-01-29T06:56:27.448Z] ⚠️ Request signature verification failed (not from Shopify Proxy?)
[2026-01-29T06:56:27.521Z] Service returned: {"ok":true,"tracking":"9235990357608734933678","status":"InTransit","carrier":"USPS","events":[{"time":"2026-01-28T11:17:00-06:00","desc":"Arrived at USPS Regional Destination Facility -> Your item arrived at our FT WORTH TX PACKAGE SORTING CENTER destination facility on January 28, 2026 at 11:17 am. The item is currently in transit to the destination."},{"time":"2026-01-27T21:02:00-06:00","desc":"Arrived at USPS Regional Facility"},{"time":"2026-01-27T20:45:00-06:00","desc":"Departed USPS Facility"},{"time":"2026-01-27T19:49:00-06:00","desc":"Arrived at USPS Facility"},{"time":"2026-01-27T17:52:00-06:00","desc":"Departed USPS Regional Facility"},{"time":"2026-01-27T00:00:00-05:00","desc":"In Transit to Next Facility"},{"time":"2026-01-26T10:48:00-06:00","desc":"Arrived at USPS Regional Facility"},{"time":"2026-01-25T06:57:00-08:00","desc":"Departed USPS Regional Facility"},{"time":"2026-01-25T05:06:00-08:00","desc":"Arrived at USPS Regional Facility"},{"time":"2026-01-25T04:26:00-08:00","desc":"Departed USPS Regional Facility"},{"time":"2026-01-24T17:45:00-08:00","desc":"Arrived at USPS Regional Origin Facility"},{"time":"2026-01-24T16:30:00-08:00","desc":"Accepted at USPS Origin Facility"},{"time":"2026-01-23T14:04:00-08:00","desc":"Departed Shipping Partner Facility, USPS Awaiting Item"},{"time":"2026-01-23T13:01:00-08:00","desc":"Arrived Shipping Partner Facility, USPS Awaiting Item"},{"time":"2026-01-22T18:14:00-08:00","desc":"Shipping Label Created, USPS Awaiting Item"}]}
[2026-01-29T06:56:30.195Z] Incoming request for tracking: undefined
[2026-01-29T06:56:30.196Z] ⚠️ Request signature verification failed (not from Shopify Proxy?)
[2026-01-29T06:56:38.345Z] Incoming request for tracking: 1234567890
[2026-01-29T06:56:38.345Z] ⚠️ Request signature verification failed (not from Shopify Proxy?)
[2026-01-29T06:56:38.422Z] Service returned: {"ok":true,"tracking":"1234567890","status":"NotFound","carrier":"CDEK","events":[]}
[2026-01-29T06:56:43.383Z] Incoming request for tracking: undefined
[2026-01-29T06:56:43.383Z] ⚠️ Request signature verification failed (not from Shopify Proxy?)
[2026-01-29T06:56:46.238Z] Incoming request for tracking: 9235990357608734933678
[2026-01-29T06:56:46.238Z] ⚠️ Request signature verification failed (not from Shopify Proxy?)
[2026-01-29T06:56:46.298Z] Service returned: {"ok":true,"tracking":"9235990357608734933678","status":"InTransit","carrier":"USPS","events":[{"time":"2026-01-28T11:17:00-06:00","desc":"Arrived at USPS Regional Destination Facility -> Your item arrived at our FT WORTH TX PACKAGE SORTING CENTER destination facility on January 28, 2026 at 11:17 am. The item is currently in transit to the destination."},{"time":"2026-01-27T21:02:00-06:00","desc":"Arrived at USPS Regional Facility"},{"time":"2026-01-27T20:45:00-06:00","desc":"Departed USPS Facility"},{"time":"2026-01-27T19:49:00-06:00","desc":"Arrived at USPS Facility"},{"time":"2026-01-27T17:52:00-06:00","desc":"Departed USPS Regional Facility"},{"time":"2026-01-27T00:00:00-05:00","desc":"In Transit to Next Facility"},{"time":"2026-01-26T10:48:00-06:00","desc":"Arrived at USPS Regional Facility"},{"time":"2026-01-25T06:57:00-08:00","desc":"Departed USPS Regional Facility"},{"time":"2026-01-25T05:06:00-08:00","desc":"Arrived at USPS Regional Facility"},{"time":"2026-01-25T04:26:00-08:00","desc":"Departed USPS Regional Facility"},{"time":"2026-01-24T17:45:00-08:00","desc":"Arrived at USPS Regional Origin Facility"},{"time":"2026-01-24T16:30:00-08:00","desc":"Accepted at USPS Origin Facility"},{"time":"2026-01-23T14:04:00-08:00","desc":"Departed Shipping Partner Facility, USPS Awaiting Item"},{"time":"2026-01-23T13:01:00-08:00","desc":"Arrived Shipping Partner Facility, USPS Awaiting Item"},{"time":"2026-01-22T18:14:00-08:00","desc":"Shipping Label Created, USPS Awaiting Item"}]}
[2026-01-29T06:56:59.111Z] Incoming request for tracking: undefined
[2026-01-29T06:56:59.112Z] ⚠️ Request signature verification failed (not from Shopify Proxy?)
[2026-01-29T06:57:01.172Z] Incoming request for tracking: 9235990357608734933678
[2026-01-29T06:57:01.172Z] ⚠️ Request signature verification failed (not from Shopify Proxy?)
[2026-01-29T06:57:01.242Z] Service returned: {"ok":true,"tracking":"9235990357608734933678","status":"InTransit","carrier":"USPS","events":[{"time":"2026-01-28T11:17:00-06:00","desc":"Arrived at USPS Regional Destination Facility -> Your item arrived at our FT WORTH TX PACKAGE SORTING CENTER destination facility on January 28, 2026 at 11:17 am. The item is currently in transit to the destination."},{"time":"2026-01-27T21:02:00-06:00","desc":"Arrived at USPS Regional Facility"},{"time":"2026-01-27T20:45:00-06:00","desc":"Departed USPS Facility"},{"time":"2026-01-27T19:49:00-06:00","desc":"Arrived at USPS Facility"},{"time":"2026-01-27T17:52:00-06:00","desc":"Departed USPS Regional Facility"},{"time":"2026-01-27T00:00:00-05:00","desc":"In Transit to Next Facility"},{"time":"2026-01-26T10:48:00-06:00","desc":"Arrived at USPS Regional Facility"},{"time":"2026-01-25T06:57:00-08:00","desc":"Departed USPS Regional Facility"},{"time":"2026-01-25T05:06:00-08:00","desc":"Arrived at USPS Regional Facility"},{"time":"2026-01-25T04:26:00-08:00","desc":"Departed USPS Regional Facility"},{"time":"2026-01-24T17:45:00-08:00","desc":"Arrived at USPS Regional Origin Facility"},{"time":"2026-01-24T16:30:00-08:00","desc":"Accepted at USPS Origin Facility"},{"time":"2026-01-23T14:04:00-08:00","desc":"Departed Shipping Partner Facility, USPS Awaiting Item"},{"time":"2026-01-23T13:01:00-08:00","desc":"Arrived Shipping Partner Facility, USPS Awaiting Item"},{"time":"2026-01-22T18:14:00-08:00","desc":"Shipping Label Created, USPS Awaiting Item"}]}
[2026-01-29T06:57:05.819Z] Incoming request for tracking: undefined
[2026-01-29T06:57:05.820Z] ⚠️ Request signature verification failed (not from Shopify Proxy?)
[2026-01-29T06:58:03.822Z] Incoming request for tracking: undefined
[2026-01-29T06:58:03.823Z] ⚠️ Request signature verification failed (not from Shopify Proxy?)
[2026-01-29T06:58:06.867Z] Incoming request for tracking: TEST123
[2026-01-29T06:58:06.867Z] ⚠️ Request signature verification failed (not from Shopify Proxy?)
[2026-01-29T06:58:07.003Z] Service returned: {"ok":true,"tracking":"TEST123","status":"Delivered","carrier":"Cainiao","events":[{"time":"2026-01-29T11:02:24+08:00","desc":"Package delivered, Carrier note: Package delivered"},{"time":"2026-01-29T11:02:19+08:00","desc":"Received by local delivery company, Carrier note: Received by local delivery company"},{"time":"2026-01-29T10:59:57+08:00","desc":"Leaving from departure country/region, Carrier note: Leaving from departure country/region"},{"time":"2026-01-29T10:58:32+08:00","desc":"Carrier update, Carrier note: Last-mile delivery forecast"},{"time":"2026-01-29T10:58:29+08:00","desc":"[Haishu District] Departed from sorting center, Carrier note: Outbound in sorting center"},{"time":"2026-01-29T10:56:56+08:00","desc":"[Haishu District] Processing at sorting center, Carrier note: Inbound in sorting center"}]}
[2026-01-29T06:58:12.096Z] Incoming request for tracking: 9235990357608734933678
[2026-01-29T06:58:12.097Z] ⚠️ Request signature verification failed (not from Shopify Proxy?)
[2026-01-29T06:58:12.163Z] Service returned: {"ok":true,"tracking":"9235990357608734933678","status":"InTransit","carrier":"USPS","events":[{"time":"2026-01-28T11:17:00-06:00","desc":"Arrived at USPS Regional Destination Facility -> Your item arrived at our FT WORTH TX PACKAGE SORTING CENTER destination facility on January 28, 2026 at 11:17 am. The item is currently in transit to the destination."},{"time":"2026-01-27T21:02:00-06:00","desc":"Arrived at USPS Regional Facility"},{"time":"2026-01-27T20:45:00-06:00","desc":"Departed USPS Facility"},{"time":"2026-01-27T19:49:00-06:00","desc":"Arrived at USPS Facility"},{"time":"2026-01-27T17:52:00-06:00","desc":"Departed USPS Regional Facility"},{"time":"2026-01-27T00:00:00-05:00","desc":"In Transit to Next Facility"},{"time":"2026-01-26T10:48:00-06:00","desc":"Arrived at USPS Regional Facility"},{"time":"2026-01-25T06:57:00-08:00","desc":"Departed USPS Regional Facility"},{"time":"2026-01-25T05:06:00-08:00","desc":"Arrived at USPS Regional Facility"},{"time":"2026-01-25T04:26:00-08:00","desc":"Departed USPS Regional Facility"},{"time":"2026-01-24T17:45:00-08:00","desc":"Arrived at USPS Regional Origin Facility"},{"time":"2026-01-24T16:30:00-08:00","desc":"Accepted at USPS Origin Facility"},{"time":"2026-01-23T14:04:00-08:00","desc":"Departed Shipping Partner Facility, USPS Awaiting Item"},{"time":"2026-01-23T13:01:00-08:00","desc":"Arrived Shipping Partner Facility, USPS Awaiting Item"},{"time":"2026-01-22T18:14:00-08:00","desc":"Shipping Label Created, USPS Awaiting Item"}]}
[2026-01-29T06:58:19.888Z] Incoming request for tracking: 1234567890
[2026-01-29T06:58:19.889Z] ⚠️ Request signature verification failed (not from Shopify Proxy?)
[2026-01-29T06:58:19.964Z] Service returned: {"ok":true,"tracking":"1234567890","status":"NotFound","carrier":"CDEK","events":[]}
[2026-01-29T06:58:25.609Z] Incoming request for tracking: undefined
[2026-01-29T06:58:25.610Z] ⚠️ Request signature verification failed (not from Shopify Proxy?)
[2026-01-29T06:58:31.963Z] Incoming request for tracking: 9235990357608734933678
[2026-01-29T06:58:31.964Z] ⚠️ Request signature verification failed (not from Shopify Proxy?)
[2026-01-29T06:58:32.026Z] Service returned: {"ok":true,"tracking":"9235990357608734933678","status":"InTransit","carrier":"USPS","events":[{"time":"2026-01-28T11:17:00-06:00","desc":"Arrived at USPS Regional Destination Facility -> Your item arrived at our FT WORTH TX PACKAGE SORTING CENTER destination facility on January 28, 2026 at 11:17 am. The item is currently in transit to the destination."},{"time":"2026-01-27T21:02:00-06:00","desc":"Arrived at USPS Regional Facility"},{"time":"2026-01-27T20:45:00-06:00","desc":"Departed USPS Facility"},{"time":"2026-01-27T19:49:00-06:00","desc":"Arrived at USPS Facility"},{"time":"2026-01-27T17:52:00-06:00","desc":"Departed USPS Regional Facility"},{"time":"2026-01-27T00:00:00-05:00","desc":"In Transit to Next Facility"},{"time":"2026-01-26T10:48:00-06:00","desc":"Arrived at USPS Regional Facility"},{"time":"2026-01-25T06:57:00-08:00","desc":"Departed USPS Regional Facility"},{"time":"2026-01-25T05:06:00-08:00","desc":"Arrived at USPS Regional Facility"},{"time":"2026-01-25T04:26:00-08:00","desc":"Departed USPS Regional Facility"},{"time":"2026-01-24T17:45:00-08:00","desc":"Arrived at USPS Regional Origin Facility"},{"time":"2026-01-24T16:30:00-08:00","desc":"Accepted at USPS Origin Facility"},{"time":"2026-01-23T14:04:00-08:00","desc":"Departed Shipping Partner Facility, USPS Awaiting Item"},{"time":"2026-01-23T13:01:00-08:00","desc":"Arrived Shipping Partner Facility, USPS Awaiting Item"},{"time":"2026-01-22T18:14:00-08:00","desc":"Shipping Label Created, USPS Awaiting Item"}]}
[2026-01-29T06:58:46.315Z] Incoming request for tracking: 9235990357608734933678
[2026-01-29T06:58:46.316Z] ⚠️ Request signature verification failed (not from Shopify Proxy?)
[2026-01-29T06:58:46.376Z] Service returned: {"ok":true,"tracking":"9235990357608734933678","status":"InTransit","carrier":"USPS","events":[{"time":"2026-01-28T11:17:00-06:00","desc":"Arrived at USPS Regional Destination Facility -> Your item arrived at our FT WORTH TX PACKAGE SORTING CENTER destination facility on January 28, 2026 at 11:17 am. The item is currently in transit to the destination."},{"time":"2026-01-27T21:02:00-06:00","desc":"Arrived at USPS Regional Facility"},{"time":"2026-01-27T20:45:00-06:00","desc":"Departed USPS Facility"},{"time":"2026-01-27T19:49:00-06:00","desc":"Arrived at USPS Facility"},{"time":"2026-01-27T17:52:00-06:00","desc":"Departed USPS Regional Facility"},{"time":"2026-01-27T00:00:00-05:00","desc":"In Transit to Next Facility"},{"time":"2026-01-26T10:48:00-06:00","desc":"Arrived at USPS Regional Facility"},{"time":"2026-01-25T06:57:00-08:00","desc":"Departed USPS Regional Facility"},{"time":"2026-01-25T05:06:00-08:00","desc":"Arrived at USPS Regional Facility"},{"time":"2026-01-25T04:26:00-08:00","desc":"Departed USPS Regional Facility"},{"time":"2026-01-24T17:45:00-08:00","desc":"Arrived at USPS Regional Origin Facility"},{"time":"2026-01-24T16:30:00-08:00","desc":"Accepted at USPS Origin Facility"},{"time":"2026-01-23T14:04:00-08:00","desc":"Departed Shipping Partner Facility, USPS Awaiting Item"},{"time":"2026-01-23T13:01:00-08:00","desc":"Arrived Shipping Partner Facility, USPS Awaiting Item"},{"time":"2026-01-22T18:14:00-08:00","desc":"Shipping Label Created, USPS Awaiting Item"}]}
[2026-01-29T07:02:13.025Z] Incoming request for tracking: undefined
[2026-01-29T07:02:13.028Z] ⚠️ Request signature verification failed (not from Shopify Proxy?)
[2026-01-29T07:02:15.583Z] Incoming request for tracking: 9235990357608734933678
[2026-01-29T07:02:15.585Z] ⚠️ Request signature verification failed (not from Shopify Proxy?)
[2026-01-29T07:02:15.750Z] Service returned: {"ok":true,"tracking":"9235990357608734933678","status":"InTransit","carrier":"USPS","events":[{"time":"2026-01-28T11:17:00-06:00","desc":"Arrived at USPS Regional Destination Facility -> Your item arrived at our FT WORTH TX PACKAGE SORTING CENTER destination facility on January 28, 2026 at 11:17 am. The item is currently in transit to the destination."},{"time":"2026-01-27T21:02:00-06:00","desc":"Arrived at USPS Regional Facility"},{"time":"2026-01-27T20:45:00-06:00","desc":"Departed USPS Facility"},{"time":"2026-01-27T19:49:00-06:00","desc":"Arrived at USPS Facility"},{"time":"2026-01-27T17:52:00-06:00","desc":"Departed USPS Regional Facility"},{"time":"2026-01-27T00:00:00-05:00","desc":"In Transit to Next Facility"},{"time":"2026-01-26T10:48:00-06:00","desc":"Arrived at USPS Regional Facility"},{"time":"2026-01-25T06:57:00-08:00","desc":"Departed USPS Regional Facility"},{"time":"2026-01-25T05:06:00-08:00","desc":"Arrived at USPS Regional Facility"},{"time":"2026-01-25T04:26:00-08:00","desc":"Departed USPS Regional Facility"},{"time":"2026-01-24T17:45:00-08:00","desc":"Arrived at USPS Regional Origin Facility"},{"time":"2026-01-24T16:30:00-08:00","desc":"Accepted at USPS Origin Facility"},{"time":"2026-01-23T14:04:00-08:00","desc":"Departed Shipping Partner Facility, USPS Awaiting Item"},{"time":"2026-01-23T13:01:00-08:00","desc":"Arrived Shipping Partner Facility, USPS Awaiting Item"},{"time":"2026-01-22T18:14:00-08:00","desc":"Shipping Label Created, USPS Awaiting Item"}]}
[2026-01-29T07:02:18.039Z] Incoming request for tracking: undefined
[2026-01-29T07:02:18.040Z] ⚠️ Request signature verification failed (not from Shopify Proxy?)
[2026-01-29T07:02:32.355Z] Incoming request for tracking: 9235990357608734933678
[2026-01-29T07:02:32.356Z] ⚠️ Request signature verification failed (not from Shopify Proxy?)
[2026-01-29T07:02:32.422Z] Service returned: {"ok":true,"tracking":"9235990357608734933678","status":"InTransit","carrier":"USPS","events":[{"time":"2026-01-28T11:17:00-06:00","desc":"Arrived at USPS Regional Destination Facility -> Your item arrived at our FT WORTH TX PACKAGE SORTING CENTER destination facility on January 28, 2026 at 11:17 am. The item is currently in transit to the destination."},{"time":"2026-01-27T21:02:00-06:00","desc":"Arrived at USPS Regional Facility"},{"time":"2026-01-27T20:45:00-06:00","desc":"Departed USPS Facility"},{"time":"2026-01-27T19:49:00-06:00","desc":"Arrived at USPS Facility"},{"time":"2026-01-27T17:52:00-06:00","desc":"Departed USPS Regional Facility"},{"time":"2026-01-27T00:00:00-05:00","desc":"In Transit to Next Facility"},{"time":"2026-01-26T10:48:00-06:00","desc":"Arrived at USPS Regional Facility"},{"time":"2026-01-25T06:57:00-08:00","desc":"Departed USPS Regional Facility"},{"time":"2026-01-25T05:06:00-08:00","desc":"Arrived at USPS Regional Facility"},{"time":"2026-01-25T04:26:00-08:00","desc":"Departed USPS Regional Facility"},{"time":"2026-01-24T17:45:00-08:00","desc":"Arrived at USPS Regional Origin Facility"},{"time":"2026-01-24T16:30:00-08:00","desc":"Accepted at USPS Origin Facility"},{"time":"2026-01-23T14:04:00-08:00","desc":"Departed Shipping Partner Facility, USPS Awaiting Item"},{"time":"2026-01-23T13:01:00-08:00","desc":"Arrived Shipping Partner Facility, USPS Awaiting Item"},{"time":"2026-01-22T18:14:00-08:00","desc":"Shipping Label Created, USPS Awaiting Item"}]}
[2026-01-29T07:02:38.287Z] Incoming request for tracking: undefined
[2026-01-29T07:02:38.288Z] ⚠️ Request signature verification failed (not from Shopify Proxy?)
[2026-01-29T07:02:45.263Z] Incoming request for tracking: 9235990357608734933634
[2026-01-29T07:02:45.264Z] ⚠️ Request signature verification failed (not from Shopify Proxy?)
[2026-01-29T07:02:45.400Z] Service returned: {"ok":true,"tracking":"9235990357608734933634","status":"Registered","carrier":"Detecting...","events":[{"time":"2026/1/29 15:02:45","desc":"Tracking number registered. Please check back later for updates."}]}
[2026-01-29T07:02:56.197Z] Incoming request for tracking: 9235990357608734933634
[2026-01-29T07:02:56.197Z] ⚠️ Request signature verification failed (not from Shopify Proxy?)
[2026-01-29T07:02:56.256Z] Service returned: {"ok":true,"tracking":"9235990357608734933634","status":"NotFound","carrier":"USPS","events":[]}
[2026-01-29T07:03:00.485Z] Incoming request for tracking: 9235990357608734933634
[2026-01-29T07:03:00.486Z] ⚠️ Request signature verification failed (not from Shopify Proxy?)
[2026-01-29T07:03:00.520Z] Service returned: {"ok":true,"tracking":"9235990357608734933634","status":"NotFound","carrier":"USPS","events":[]}
[2026-01-29T07:03:10.468Z] Incoming request for tracking: 9235990357608734933655
[2026-01-29T07:03:10.469Z] ⚠️ Request signature verification failed (not from Shopify Proxy?)
[2026-01-29T07:03:10.618Z] Service returned: {"ok":true,"tracking":"9235990357608734933655","status":"Registered","carrier":"Detecting...","events":[{"time":"2026/1/29 15:03:10","desc":"Tracking number registered. Please check back later for updates."}]}
[2026-01-29T07:03:17.541Z] Incoming request for tracking: 9235990357608734933655
[2026-01-29T07:03:17.541Z] ⚠️ Request signature verification failed (not from Shopify Proxy?)
[2026-01-29T07:03:17.601Z] Service returned: {"ok":true,"tracking":"9235990357608734933655","status":"NotFound","carrier":"USPS","events":[]}
[2026-01-29T07:05:25.196Z] Incoming request for tracking: YT2601500702858398
[2026-01-29T07:05:25.196Z] ⚠️ Request signature verification failed (not from Shopify Proxy?)
[2026-01-29T07:05:25.290Z] Service returned: {"ok":true,"tracking":"YT2601500702858398","status":"Registered","carrier":"Detecting...","events":[{"time":"2026/1/29 15:05:25","desc":"Tracking number registered. Please check back later for updates."}]}
[2026-01-29T07:05:28.525Z] Incoming request for tracking: YT2601500702858398
[2026-01-29T07:05:28.526Z] ⚠️ Request signature verification failed (not from Shopify Proxy?)
[2026-01-29T07:05:28.560Z] Service returned: {"ok":true,"tracking":"YT2601500702858398","status":"InTransit","carrier":"YunExpress","events":[{"time":"2026-01-28T16:05:00+03:00","desc":"Arrived at Transfer Center"},{"time":"2026-01-28T10:46:41+03:00","desc":"Loaded to truck to be sent to destination branch"},{"time":"2026-01-27T21:30:04+03:00","desc":"Handed over To TARK"},{"time":"2026-01-27T21:00:04+03:00","desc":"Released from Customs"},{"time":"2026-01-27T09:03:35+03:00","desc":"Customs Clearance In Progress"},{"time":"2026-01-26T08:52:27+03:00","desc":"Customs Clearance In Progress"},{"time":"2026-01-26T04:00:00+03:00","desc":"Arrived at destination"},{"time":"2026-01-25T15:05:00+08:00","desc":"Departed from origin"},{"time":"2026-01-24T17:00:46+08:00","desc":"Inbound by airline"},{"time":"2026-01-24T00:19:18+08:00","desc":"Departed from warehouse"},{"time":"2026-01-22T19:15:11+08:00","desc":"Ready to Ship"},{"time":"2026-01-22T19:10:59+08:00","desc":"Bagged"},{"time":"2026-01-22T14:31:40+08:00","desc":"Collected at warehouse. Collected by: [SZXOPS]"},{"time":"2026-01-22T14:31:40+08:00","desc":"Weighted"},{"time":"2026-01-22T12:58:09+08:00","desc":"Arrived at the origin international airport"},{"time":"2026-01-22T09:28:10+08:00","desc":"Shipment is in transit to next facility"},{"time":"2026-01-21T16:18:43+08:00","desc":"Arrived at sort facility"},{"time":"2026-01-21T13:40:42+08:00","desc":"Departed from sort facility"},{"time":"2026-01-21T07:34:00+08:00","desc":"Departed from sort facility"},{"time":"2026-01-21T00:40:04+08:00","desc":"Arrived at origin facility"},{"time":"2026-01-15T11:32:23+08:00","desc":"Shipment information received"}]}
[2026-01-29T07:05:35.290Z] Incoming request for tracking: YT2601500702858398
[2026-01-29T07:05:35.291Z] ⚠️ Request signature verification failed (not from Shopify Proxy?)
[2026-01-29T07:05:35.365Z] Service returned: {"ok":true,"tracking":"YT2601500702858398","status":"InTransit","carrier":"YunExpress","events":[{"time":"2026-01-28T16:05:00+03:00","desc":"Arrived at Transfer Center"},{"time":"2026-01-28T10:46:41+03:00","desc":"Loaded to truck to be sent to destination branch"},{"time":"2026-01-27T21:30:04+03:00","desc":"Handed over To TARK"},{"time":"2026-01-27T21:00:04+03:00","desc":"Released from Customs"},{"time":"2026-01-27T09:03:35+03:00","desc":"Customs Clearance In Progress"},{"time":"2026-01-26T08:52:27+03:00","desc":"Customs Clearance In Progress"},{"time":"2026-01-26T04:00:00+03:00","desc":"Arrived at destination"},{"time":"2026-01-25T15:05:00+08:00","desc":"Departed from origin"},{"time":"2026-01-24T17:00:46+08:00","desc":"Inbound by airline"},{"time":"2026-01-24T00:19:18+08:00","desc":"Departed from warehouse"},{"time":"2026-01-22T19:15:11+08:00","desc":"Ready to Ship"},{"time":"2026-01-22T19:10:59+08:00","desc":"Bagged"},{"time":"2026-01-22T14:31:40+08:00","desc":"Collected at warehouse. Collected by: [SZXOPS]"},{"time":"2026-01-22T14:31:40+08:00","desc":"Weighted"},{"time":"2026-01-22T12:58:09+08:00","desc":"Arrived at the origin international airport"},{"time":"2026-01-22T09:28:10+08:00","desc":"Shipment is in transit to next facility"},{"time":"2026-01-21T16:18:43+08:00","desc":"Arrived at sort facility"},{"time":"2026-01-21T13:40:42+08:00","desc":"Departed from sort facility"},{"time":"2026-01-21T07:34:00+08:00","desc":"Departed from sort facility"},{"time":"2026-01-21T00:40:04+08:00","desc":"Arrived at origin facility"},{"time":"2026-01-15T11:32:23+08:00","desc":"Shipment information received"}]}
[2026-01-29T07:05:47.055Z] Incoming request for tracking: YT2601500702858398
[2026-01-29T07:05:47.056Z] ⚠️ Request signature verification failed (not from Shopify Proxy?)
[2026-01-29T07:05:47.143Z] Service returned: {"ok":true,"tracking":"YT2601500702858398","status":"InTransit","carrier":"YunExpress","events":[{"time":"2026-01-28T16:05:00+03:00","desc":"Arrived at Transfer Center"},{"time":"2026-01-28T10:46:41+03:00","desc":"Loaded to truck to be sent to destination branch"},{"time":"2026-01-27T21:30:04+03:00","desc":"Handed over To TARK"},{"time":"2026-01-27T21:00:04+03:00","desc":"Released from Customs"},{"time":"2026-01-27T09:03:35+03:00","desc":"Customs Clearance In Progress"},{"time":"2026-01-26T08:52:27+03:00","desc":"Customs Clearance In Progress"},{"time":"2026-01-26T04:00:00+03:00","desc":"Arrived at destination"},{"time":"2026-01-25T15:05:00+08:00","desc":"Departed from origin"},{"time":"2026-01-24T17:00:46+08:00","desc":"Inbound by airline"},{"time":"2026-01-24T00:19:18+08:00","desc":"Departed from warehouse"},{"time":"2026-01-22T19:15:11+08:00","desc":"Ready to Ship"},{"time":"2026-01-22T19:10:59+08:00","desc":"Bagged"},{"time":"2026-01-22T14:31:40+08:00","desc":"Collected at warehouse. Collected by: [SZXOPS]"},{"time":"2026-01-22T14:31:40+08:00","desc":"Weighted"},{"time":"2026-01-22T12:58:09+08:00","desc":"Arrived at the origin international airport"},{"time":"2026-01-22T09:28:10+08:00","desc":"Shipment is in transit to next facility"},{"time":"2026-01-21T16:18:43+08:00","desc":"Arrived at sort facility"},{"time":"2026-01-21T13:40:42+08:00","desc":"Departed from sort facility"},{"time":"2026-01-21T07:34:00+08:00","desc":"Departed from sort facility"},{"time":"2026-01-21T00:40:04+08:00","desc":"Arrived at origin facility"},{"time":"2026-01-15T11:32:23+08:00","desc":"Shipment information received"}]}
[2026-01-29T07:05:50.488Z] Incoming request for tracking: YT2601500702858398
[2026-01-29T07:05:50.488Z] ⚠️ Request signature verification failed (not from Shopify Proxy?)
[2026-01-29T07:05:50.525Z] Service returned: {"ok":true,"tracking":"YT2601500702858398","status":"InTransit","carrier":"YunExpress","events":[{"time":"2026-01-28T16:05:00+03:00","desc":"Arrived at Transfer Center"},{"time":"2026-01-28T10:46:41+03:00","desc":"Loaded to truck to be sent to destination branch"},{"time":"2026-01-27T21:30:04+03:00","desc":"Handed over To TARK"},{"time":"2026-01-27T21:00:04+03:00","desc":"Released from Customs"},{"time":"2026-01-27T09:03:35+03:00","desc":"Customs Clearance In Progress"},{"time":"2026-01-26T08:52:27+03:00","desc":"Customs Clearance In Progress"},{"time":"2026-01-26T04:00:00+03:00","desc":"Arrived at destination"},{"time":"2026-01-25T15:05:00+08:00","desc":"Departed from origin"},{"time":"2026-01-24T17:00:46+08:00","desc":"Inbound by airline"},{"time":"2026-01-24T00:19:18+08:00","desc":"Departed from warehouse"},{"time":"2026-01-22T19:15:11+08:00","desc":"Ready to Ship"},{"time":"2026-01-22T19:10:59+08:00","desc":"Bagged"},{"time":"2026-01-22T14:31:40+08:00","desc":"Collected at warehouse. Collected by: [SZXOPS]"},{"time":"2026-01-22T14:31:40+08:00","desc":"Weighted"},{"time":"2026-01-22T12:58:09+08:00","desc":"Arrived at the origin international airport"},{"time":"2026-01-22T09:28:10+08:00","desc":"Shipment is in transit to next facility"},{"time":"2026-01-21T16:18:43+08:00","desc":"Arrived at sort facility"},{"time":"2026-01-21T13:40:42+08:00","desc":"Departed from sort facility"},{"time":"2026-01-21T07:34:00+08:00","desc":"Departed from sort facility"},{"time":"2026-01-21T00:40:04+08:00","desc":"Arrived at origin facility"},{"time":"2026-01-15T11:32:23+08:00","desc":"Shipment information received"}]}
[2026-01-29T07:05:51.336Z] Incoming request for tracking: YT2601500702858398
[2026-01-29T07:05:51.337Z] ⚠️ Request signature verification failed (not from Shopify Proxy?)
[2026-01-29T07:05:51.371Z] Service returned: {"ok":true,"tracking":"YT2601500702858398","status":"InTransit","carrier":"YunExpress","events":[{"time":"2026-01-28T16:05:00+03:00","desc":"Arrived at Transfer Center"},{"time":"2026-01-28T10:46:41+03:00","desc":"Loaded to truck to be sent to destination branch"},{"time":"2026-01-27T21:30:04+03:00","desc":"Handed over To TARK"},{"time":"2026-01-27T21:00:04+03:00","desc":"Released from Customs"},{"time":"2026-01-27T09:03:35+03:00","desc":"Customs Clearance In Progress"},{"time":"2026-01-26T08:52:27+03:00","desc":"Customs Clearance In Progress"},{"time":"2026-01-26T04:00:00+03:00","desc":"Arrived at destination"},{"time":"2026-01-25T15:05:00+08:00","desc":"Departed from origin"},{"time":"2026-01-24T17:00:46+08:00","desc":"Inbound by airline"},{"time":"2026-01-24T00:19:18+08:00","desc":"Departed from warehouse"},{"time":"2026-01-22T19:15:11+08:00","desc":"Ready to Ship"},{"time":"2026-01-22T19:10:59+08:00","desc":"Bagged"},{"time":"2026-01-22T14:31:40+08:00","desc":"Collected at warehouse. Collected by: [SZXOPS]"},{"time":"2026-01-22T14:31:40+08:00","desc":"Weighted"},{"time":"2026-01-22T12:58:09+08:00","desc":"Arrived at the origin international airport"},{"time":"2026-01-22T09:28:10+08:00","desc":"Shipment is in transit to next facility"},{"time":"2026-01-21T16:18:43+08:00","desc":"Arrived at sort facility"},{"time":"2026-01-21T13:40:42+08:00","desc":"Departed from sort facility"},{"time":"2026-01-21T07:34:00+08:00","desc":"Departed from sort facility"},{"time":"2026-01-21T00:40:04+08:00","desc":"Arrived at origin facility"},{"time":"2026-01-15T11:32:23+08:00","desc":"Shipment information received"}]}
[2026-01-29T07:05:53.600Z] Incoming request for tracking: YT2601500702858398
[2026-01-29T07:05:53.601Z] ⚠️ Request signature verification failed (not from Shopify Proxy?)
[2026-01-29T07:05:53.635Z] Service returned: {"ok":true,"tracking":"YT2601500702858398","status":"InTransit","carrier":"YunExpress","events":[{"time":"2026-01-28T16:05:00+03:00","desc":"Arrived at Transfer Center"},{"time":"2026-01-28T10:46:41+03:00","desc":"Loaded to truck to be sent to destination branch"},{"time":"2026-01-27T21:30:04+03:00","desc":"Handed over To TARK"},{"time":"2026-01-27T21:00:04+03:00","desc":"Released from Customs"},{"time":"2026-01-27T09:03:35+03:00","desc":"Customs Clearance In Progress"},{"time":"2026-01-26T08:52:27+03:00","desc":"Customs Clearance In Progress"},{"time":"2026-01-26T04:00:00+03:00","desc":"Arrived at destination"},{"time":"2026-01-25T15:05:00+08:00","desc":"Departed from origin"},{"time":"2026-01-24T17:00:46+08:00","desc":"Inbound by airline"},{"time":"2026-01-24T00:19:18+08:00","desc":"Departed from warehouse"},{"time":"2026-01-22T19:15:11+08:00","desc":"Ready to Ship"},{"time":"2026-01-22T19:10:59+08:00","desc":"Bagged"},{"time":"2026-01-22T14:31:40+08:00","desc":"Collected at warehouse. Collected by: [SZXOPS]"},{"time":"2026-01-22T14:31:40+08:00","desc":"Weighted"},{"time":"2026-01-22T12:58:09+08:00","desc":"Arrived at the origin international airport"},{"time":"2026-01-22T09:28:10+08:00","desc":"Shipment is in transit to next facility"},{"time":"2026-01-21T16:18:43+08:00","desc":"Arrived at sort facility"},{"time":"2026-01-21T13:40:42+08:00","desc":"Departed from sort facility"},{"time":"2026-01-21T07:34:00+08:00","desc":"Departed from sort facility"},{"time":"2026-01-21T00:40:04+08:00","desc":"Arrived at origin facility"},{"time":"2026-01-15T11:32:23+08:00","desc":"Shipment information received"}]}
[2026-01-29T07:06:12.819Z] Incoming request for tracking: YT2601500702858398
[2026-01-29T07:06:12.820Z] ⚠️ Request signature verification failed (not from Shopify Proxy?)
[2026-01-29T07:06:12.880Z] Service returned: {"ok":true,"tracking":"YT2601500702858398","status":"InTransit","carrier":"YunExpress","events":[{"time":"2026-01-28T16:05:00+03:00","desc":"Arrived at Transfer Center"},{"time":"2026-01-28T10:46:41+03:00","desc":"Loaded to truck to be sent to destination branch"},{"time":"2026-01-27T21:30:04+03:00","desc":"Handed over To TARK"},{"time":"2026-01-27T21:00:04+03:00","desc":"Released from Customs"},{"time":"2026-01-27T09:03:35+03:00","desc":"Customs Clearance In Progress"},{"time":"2026-01-26T08:52:27+03:00","desc":"Customs Clearance In Progress"},{"time":"2026-01-26T04:00:00+03:00","desc":"Arrived at destination"},{"time":"2026-01-25T15:05:00+08:00","desc":"Departed from origin"},{"time":"2026-01-24T17:00:46+08:00","desc":"Inbound by airline"},{"time":"2026-01-24T00:19:18+08:00","desc":"Departed from warehouse"},{"time":"2026-01-22T19:15:11+08:00","desc":"Ready to Ship"},{"time":"2026-01-22T19:10:59+08:00","desc":"Bagged"},{"time":"2026-01-22T14:31:40+08:00","desc":"Collected at warehouse. Collected by: [SZXOPS]"},{"time":"2026-01-22T14:31:40+08:00","desc":"Weighted"},{"time":"2026-01-22T12:58:09+08:00","desc":"Arrived at the origin international airport"},{"time":"2026-01-22T09:28:10+08:00","desc":"Shipment is in transit to next facility"},{"time":"2026-01-21T16:18:43+08:00","desc":"Arrived at sort facility"},{"time":"2026-01-21T13:40:42+08:00","desc":"Departed from sort facility"},{"time":"2026-01-21T07:34:00+08:00","desc":"Departed from sort facility"},{"time":"2026-01-21T00:40:04+08:00","desc":"Arrived at origin facility"},{"time":"2026-01-15T11:32:23+08:00","desc":"Shipment information received"}]}
[2026-01-29T07:06:38.937Z] Incoming request for tracking: YT2601500702858398
[2026-01-29T07:06:38.938Z] ⚠️ Request signature verification failed (not from Shopify Proxy?)
[2026-01-29T07:06:38.999Z] Service returned: {"ok":true,"tracking":"YT2601500702858398","status":"InTransit","carrier":"YunExpress","events":[{"time":"2026-01-28T16:05:00+03:00","desc":"Arrived at Transfer Center"},{"time":"2026-01-28T10:46:41+03:00","desc":"Loaded to truck to be sent to destination branch"},{"time":"2026-01-27T21:30:04+03:00","desc":"Handed over To TARK"},{"time":"2026-01-27T21:00:04+03:00","desc":"Released from Customs"},{"time":"2026-01-27T09:03:35+03:00","desc":"Customs Clearance In Progress"},{"time":"2026-01-26T08:52:27+03:00","desc":"Customs Clearance In Progress"},{"time":"2026-01-26T04:00:00+03:00","desc":"Arrived at destination"},{"time":"2026-01-25T15:05:00+08:00","desc":"Departed from origin"},{"time":"2026-01-24T17:00:46+08:00","desc":"Inbound by airline"},{"time":"2026-01-24T00:19:18+08:00","desc":"Departed from warehouse"},{"time":"2026-01-22T19:15:11+08:00","desc":"Ready to Ship"},{"time":"2026-01-22T19:10:59+08:00","desc":"Bagged"},{"time":"2026-01-22T14:31:40+08:00","desc":"Collected at warehouse. Collected by: [SZXOPS]"},{"time":"2026-01-22T14:31:40+08:00","desc":"Weighted"},{"time":"2026-01-22T12:58:09+08:00","desc":"Arrived at the origin international airport"},{"time":"2026-01-22T09:28:10+08:00","desc":"Shipment is in transit to next facility"},{"time":"2026-01-21T16:18:43+08:00","desc":"Arrived at sort facility"},{"time":"2026-01-21T13:40:42+08:00","desc":"Departed from sort facility"},{"time":"2026-01-21T07:34:00+08:00","desc":"Departed from sort facility"},{"time":"2026-01-21T00:40:04+08:00","desc":"Arrived at origin facility"},{"time":"2026-01-15T11:32:23+08:00","desc":"Shipment information received"}]}
[2026-01-29T08:07:36.084Z] Incoming request for tracking: 9235990357608734933678
[2026-01-29T08:07:36.085Z] ⚠️ Request signature verification failed (not from Shopify Proxy?)
[2026-01-29T08:07:36.425Z] Service returned: {"ok":true,"tracking":"9235990357608734933678","status":"InTransit","carrier":"USPS","events":[{"time":"2026-01-28T11:17:00-06:00","desc":"Arrived at USPS Regional Destination Facility -> Your item arrived at our FT WORTH TX PACKAGE SORTING CENTER destination facility on January 28, 2026 at 11:17 am. The item is currently in transit to the destination."},{"time":"2026-01-27T21:02:00-06:00","desc":"Arrived at USPS Regional Facility"},{"time":"2026-01-27T20:45:00-06:00","desc":"Departed USPS Facility"},{"time":"2026-01-27T19:49:00-06:00","desc":"Arrived at USPS Facility"},{"time":"2026-01-27T17:52:00-06:00","desc":"Departed USPS Regional Facility"},{"time":"2026-01-27T00:00:00-05:00","desc":"In Transit to Next Facility"},{"time":"2026-01-26T10:48:00-06:00","desc":"Arrived at USPS Regional Facility"},{"time":"2026-01-25T06:57:00-08:00","desc":"Departed USPS Regional Facility"},{"time":"2026-01-25T05:06:00-08:00","desc":"Arrived at USPS Regional Facility"},{"time":"2026-01-25T04:26:00-08:00","desc":"Departed USPS Regional Facility"},{"time":"2026-01-24T17:45:00-08:00","desc":"Arrived at USPS Regional Origin Facility"},{"time":"2026-01-24T16:30:00-08:00","desc":"Accepted at USPS Origin Facility"},{"time":"2026-01-23T14:04:00-08:00","desc":"Departed Shipping Partner Facility, USPS Awaiting Item"},{"time":"2026-01-23T13:01:00-08:00","desc":"Arrived Shipping Partner Facility, USPS Awaiting Item"},{"time":"2026-01-22T18:14:00-08:00","desc":"Shipping Label Created, USPS Awaiting Item"}]}
[2026-01-29T08:07:49.811Z] Incoming request for tracking: undefined
[2026-01-29T08:07:49.811Z] ⚠️ Request signature verification failed (not from Shopify Proxy?)
[2026-01-29T08:09:54.643Z] Incoming request for tracking: undefined
[2026-01-29T08:09:54.646Z] ⚠️ Request signature verification failed (not from Shopify Proxy?)
[2026-01-29T08:15:52.931Z] Incoming request for tracking: undefined
[2026-01-29T08:15:52.932Z] ⚠️ Request signature verification failed (not from Shopify Proxy?)
[2026-01-29T08:15:56.469Z] Incoming request for tracking: 9235990357608734933678
[2026-01-29T08:15:56.469Z] ⚠️ Request signature verification failed (not from Shopify Proxy?)
[2026-01-29T08:15:57.703Z] Incoming request for tracking: 9235990357608734933678
[2026-01-29T08:15:57.704Z] ⚠️ Request signature verification failed (not from Shopify Proxy?)
[2026-01-29T08:15:58.687Z] Incoming request for tracking: 9235990357608734933678
[2026-01-29T08:15:58.687Z] ⚠️ Request signature verification failed (not from Shopify Proxy?)
[2026-01-29T08:16:02.415Z] Incoming request for tracking: undefined
[2026-01-29T08:16:02.415Z] ⚠️ Request signature verification failed (not from Shopify Proxy?)
[2026-01-29T08:16:05.149Z] Incoming request for tracking: TEST123
[2026-01-29T08:16:05.150Z] ⚠️ Request signature verification failed (not from Shopify Proxy?)
[2026-01-29T08:16:07.785Z] Service returned: {"ok":false,"error":"Service Error"}
[2026-01-29T08:16:07.799Z] Service returned: {"ok":false,"error":"Service Error"}
[2026-01-29T08:16:07.938Z] Service returned: {"ok":true,"tracking":"TEST123","status":"Delivered","carrier":"Cainiao","events":[{"time":"2026-01-29T11:02:24+08:00","desc":"Package delivered, Carrier note: Package delivered"},{"time":"2026-01-29T11:02:19+08:00","desc":"Received by local delivery company, Carrier note: Received by local delivery company"},{"time":"2026-01-29T10:59:57+08:00","desc":"Leaving from departure country/region, Carrier note: Leaving from departure country/region"},{"time":"2026-01-29T10:58:32+08:00","desc":"Carrier update, Carrier note: Last-mile delivery forecast"},{"time":"2026-01-29T10:58:29+08:00","desc":"[Haishu District] Departed from sorting center, Carrier note: Outbound in sorting center"},{"time":"2026-01-29T10:56:56+08:00","desc":"[Haishu District] Processing at sorting center, Carrier note: Inbound in sorting center"}]}
[2026-01-29T08:16:19.034Z] Service returned: {"ok":false,"error":"Service Error"}
[2026-01-29T08:17:07.871Z] Incoming request for tracking: TEST123
[2026-01-29T08:17:07.872Z] ⚠️ Request signature verification failed (not from Shopify Proxy?)
[2026-01-29T08:17:08.001Z] Service returned: {"ok":true,"tracking":"TEST123","status":"Delivered","carrier":"Cainiao","events":[{"time":"2026-01-29T11:02:24+08:00","desc":"Package delivered, Carrier note: Package delivered"},{"time":"2026-01-29T11:02:19+08:00","desc":"Received by local delivery company, Carrier note: Received by local delivery company"},{"time":"2026-01-29T10:59:57+08:00","desc":"Leaving from departure country/region, Carrier note: Leaving from departure country/region"},{"time":"2026-01-29T10:58:32+08:00","desc":"Carrier update, Carrier note: Last-mile delivery forecast"},{"time":"2026-01-29T10:58:29+08:00","desc":"[Haishu District] Departed from sorting center, Carrier note: Outbound in sorting center"},{"time":"2026-01-29T10:56:56+08:00","desc":"[Haishu District] Processing at sorting center, Carrier note: Inbound in sorting center"}]}
[2026-01-29T08:17:09.769Z] Incoming request for tracking: TEST123
[2026-01-29T08:17:09.769Z] ⚠️ Request signature verification failed (not from Shopify Proxy?)
[2026-01-29T08:17:09.805Z] Service returned: {"ok":true,"tracking":"TEST123","status":"Delivered","carrier":"Cainiao","events":[{"time":"2026-01-29T11:02:24+08:00","desc":"Package delivered, Carrier note: Package delivered"},{"time":"2026-01-29T11:02:19+08:00","desc":"Received by local delivery company, Carrier note: Received by local delivery company"},{"time":"2026-01-29T10:59:57+08:00","desc":"Leaving from departure country/region, Carrier note: Leaving from departure country/region"},{"time":"2026-01-29T10:58:32+08:00","desc":"Carrier update, Carrier note: Last-mile delivery forecast"},{"time":"2026-01-29T10:58:29+08:00","desc":"[Haishu District] Departed from sorting center, Carrier note: Outbound in sorting center"},{"time":"2026-01-29T10:56:56+08:00","desc":"[Haishu District] Processing at sorting center, Carrier note: Inbound in sorting center"}]}
[2026-01-29T08:17:11.648Z] Incoming request for tracking: TEST123
[2026-01-29T08:17:11.649Z] ⚠️ Request signature verification failed (not from Shopify Proxy?)
[2026-01-29T08:17:11.685Z] Service returned: {"ok":true,"tracking":"TEST123","status":"Delivered","carrier":"Cainiao","events":[{"time":"2026-01-29T11:02:24+08:00","desc":"Package delivered, Carrier note: Package delivered"},{"time":"2026-01-29T11:02:19+08:00","desc":"Received by local delivery company, Carrier note: Received by local delivery company"},{"time":"2026-01-29T10:59:57+08:00","desc":"Leaving from departure country/region, Carrier note: Leaving from departure country/region"},{"time":"2026-01-29T10:58:32+08:00","desc":"Carrier update, Carrier note: Last-mile delivery forecast"},{"time":"2026-01-29T10:58:29+08:00","desc":"[Haishu District] Departed from sorting center, Carrier note: Outbound in sorting center"},{"time":"2026-01-29T10:56:56+08:00","desc":"[Haishu District] Processing at sorting center, Carrier note: Inbound in sorting center"}]}
[2026-01-29T08:17:13.010Z] Incoming request for tracking: TEST123
[2026-01-29T08:17:13.010Z] ⚠️ Request signature verification failed (not from Shopify Proxy?)
[2026-01-29T08:17:13.042Z] Service returned: {"ok":true,"tracking":"TEST123","status":"Delivered","carrier":"Cainiao","events":[{"time":"2026-01-29T11:02:24+08:00","desc":"Package delivered, Carrier note: Package delivered"},{"time":"2026-01-29T11:02:19+08:00","desc":"Received by local delivery company, Carrier note: Received by local delivery company"},{"time":"2026-01-29T10:59:57+08:00","desc":"Leaving from departure country/region, Carrier note: Leaving from departure country/region"},{"time":"2026-01-29T10:58:32+08:00","desc":"Carrier update, Carrier note: Last-mile delivery forecast"},{"time":"2026-01-29T10:58:29+08:00","desc":"[Haishu District] Departed from sorting center, Carrier note: Outbound in sorting center"},{"time":"2026-01-29T10:56:56+08:00","desc":"[Haishu District] Processing at sorting center, Carrier note: Inbound in sorting center"}]}
[2026-01-29T08:17:14.939Z] Incoming request for tracking: TEST123
[2026-01-29T08:17:14.940Z] ⚠️ Request signature verification failed (not from Shopify Proxy?)
[2026-01-29T08:17:14.973Z] Service returned: {"ok":true,"tracking":"TEST123","status":"Delivered","carrier":"Cainiao","events":[{"time":"2026-01-29T11:02:24+08:00","desc":"Package delivered, Carrier note: Package delivered"},{"time":"2026-01-29T11:02:19+08:00","desc":"Received by local delivery company, Carrier note: Received by local delivery company"},{"time":"2026-01-29T10:59:57+08:00","desc":"Leaving from departure country/region, Carrier note: Leaving from departure country/region"},{"time":"2026-01-29T10:58:32+08:00","desc":"Carrier update, Carrier note: Last-mile delivery forecast"},{"time":"2026-01-29T10:58:29+08:00","desc":"[Haishu District] Departed from sorting center, Carrier note: Outbound in sorting center"},{"time":"2026-01-29T10:56:56+08:00","desc":"[Haishu District] Processing at sorting center, Carrier note: Inbound in sorting center"}]}
[2026-01-29T08:17:16.441Z] Incoming request for tracking: TEST123
[2026-01-29T08:17:16.442Z] ⚠️ Request signature verification failed (not from Shopify Proxy?)
[2026-01-29T08:17:16.473Z] Service returned: {"ok":true,"tracking":"TEST123","status":"Delivered","carrier":"Cainiao","events":[{"time":"2026-01-29T11:02:24+08:00","desc":"Package delivered, Carrier note: Package delivered"},{"time":"2026-01-29T11:02:19+08:00","desc":"Received by local delivery company, Carrier note: Received by local delivery company"},{"time":"2026-01-29T10:59:57+08:00","desc":"Leaving from departure country/region, Carrier note: Leaving from departure country/region"},{"time":"2026-01-29T10:58:32+08:00","desc":"Carrier update, Carrier note: Last-mile delivery forecast"},{"time":"2026-01-29T10:58:29+08:00","desc":"[Haishu District] Departed from sorting center, Carrier note: Outbound in sorting center"},{"time":"2026-01-29T10:56:56+08:00","desc":"[Haishu District] Processing at sorting center, Carrier note: Inbound in sorting center"}]}
[2026-01-29T08:50:11.654Z] Incoming request for tracking: YT2601500702858398
[2026-01-29T08:50:11.656Z] ⚠️ Request signature verification failed (not from Shopify Proxy?)
[2026-01-29T08:50:11.726Z] Service returned: {"ok":true,"tracking":"YT2601500702858398","status":"InTransit","carrier":"YunExpress","events":[{"time":"2026-01-28T16:05:00+03:00","desc":"Arrived at Transfer Center"},{"time":"2026-01-28T10:46:41+03:00","desc":"Loaded to truck to be sent to destination branch"},{"time":"2026-01-27T21:30:04+03:00","desc":"Handed over To TARK"},{"time":"2026-01-27T21:00:04+03:00","desc":"Released from Customs"},{"time":"2026-01-27T09:03:35+03:00","desc":"Customs Clearance In Progress"},{"time":"2026-01-26T08:52:27+03:00","desc":"Customs Clearance In Progress"},{"time":"2026-01-26T04:00:00+03:00","desc":"Arrived at destination"},{"time":"2026-01-25T15:05:00+08:00","desc":"Departed from origin"},{"time":"2026-01-24T17:00:46+08:00","desc":"Inbound by airline"},{"time":"2026-01-24T00:19:18+08:00","desc":"Departed from warehouse"},{"time":"2026-01-22T19:15:11+08:00","desc":"Ready to Ship"},{"time":"2026-01-22T19:10:59+08:00","desc":"Bagged"},{"time":"2026-01-22T14:31:40+08:00","desc":"Collected at warehouse. Collected by: [SZXOPS]"},{"time":"2026-01-22T14:31:40+08:00","desc":"Weighted"},{"time":"2026-01-22T12:58:09+08:00","desc":"Arrived at the origin international airport"},{"time":"2026-01-22T09:28:10+08:00","desc":"Shipment is in transit to next facility"},{"time":"2026-01-21T16:18:43+08:00","desc":"Arrived at sort facility"},{"time":"2026-01-21T13:40:42+08:00","desc":"Departed from sort facility"},{"time":"2026-01-21T07:34:00+08:00","desc":"Departed from sort facility"},{"time":"2026-01-21T00:40:04+08:00","desc":"Arrived at origin facility"},{"time":"2026-01-15T11:32:23+08:00","desc":"Shipment information received"}]}
[2026-01-29T08:50:18.697Z] Incoming request for tracking: undefined
[2026-01-29T08:50:18.698Z] ⚠️ Request signature verification failed (not from Shopify Proxy?)
